{
  "results": [
    {
      "test": "/proximity/DeviceProximityEvent_tests.html",
      "subtests": [
        {
          "name": "the event is an instance of DeviceProximityEvent",
          "status": "FAIL",
          "message": "DeviceProximityEvent is not defined(stack: ReferenceError: DeviceProximityEvent is not defined\n    at Object.<anonymous> (http://www.w3c-test.org/proximity/DeviceProximityEvent_tests.js:4:25)\n    at Object.Test.step (http://www.w3c-test.org/resources/testharness.js:798:25)\n    at test (http://www.w3c-test.org/resources/testharness.js:73:18)\n    at http://www.w3c-test.org/proximity/DeviceProximityEvent_tests.js:3:5\n    at http://www.w3c-test.org/proximity/DeviceProximityEvent_tests.js:439:3)"
        },
        {
          "name": "the event inherits from Event",
          "status": "FAIL",
          "message": "DeviceProximityEvent is not defined(stack: ReferenceError: DeviceProximityEvent is not defined\n    at Object.DeviceProximityEvent.toString (http://www.w3c-test.org/proximity/DeviceProximityEvent_tests.js:9:25)\n    at Object.Test.step (http://www.w3c-test.org/resources/testharness.js:798:25)\n    at test (http://www.w3c-test.org/resources/testharness.js:73:18)\n    at http://www.w3c-test.org/proximity/DeviceProximityEvent_tests.js:8:5\n    at http://www.w3c-test.org/proximity/DeviceProximityEvent_tests.js:439:3)"
        },
        {
          "name": "Missing type argument",
          "status": "FAIL",
          "message": "assert_throws: First argument is required, so was expecting a TypeError. function \"function () {\n            new DeviceProximityEvent();\n   ...\" threw object \"ReferenceError: DeviceProximityEvent is not defined\" (\"ReferenceError\") expected object \"TypeError\" (\"TypeError\")"
        },
        {
          "name": "Event type set to undefined",
          "status": "FAIL",
          "message": "DeviceProximityEvent is not defined(stack: ReferenceError: DeviceProximityEvent is not defined\n    at Object.<anonymous> (http://www.w3c-test.org/proximity/DeviceProximityEvent_tests.js:21:25)\n    at Object.Test.step (http://www.w3c-test.org/resources/testharness.js:798:25)\n    at test (http://www.w3c-test.org/resources/testharness.js:73:18)\n    at http://www.w3c-test.org/proximity/DeviceProximityEvent_tests.js:20:5\n    at http://www.w3c-test.org/proximity/DeviceProximityEvent_tests.js:439:3)"
        },
        {
          "name": "type argument is null",
          "status": "FAIL",
          "message": "DeviceProximityEvent is not defined(stack: ReferenceError: DeviceProximityEvent is not defined\n    at Object.<anonymous> (http://www.w3c-test.org/proximity/DeviceProximityEvent_tests.js:26:25)\n    at Object.Test.step (http://www.w3c-test.org/resources/testharness.js:798:25)\n    at test (http://www.w3c-test.org/resources/testharness.js:73:18)\n    at http://www.w3c-test.org/proximity/DeviceProximityEvent_tests.js:25:5\n    at http://www.w3c-test.org/proximity/DeviceProximityEvent_tests.js:439:3)"
        },
        {
          "name": "type argument is number",
          "status": "FAIL",
          "message": "DeviceProximityEvent is not defined(stack: ReferenceError: DeviceProximityEvent is not defined\n    at Object.<anonymous> (http://www.w3c-test.org/proximity/DeviceProximityEvent_tests.js:31:25)\n    at Object.Test.step (http://www.w3c-test.org/resources/testharness.js:798:25)\n    at test (http://www.w3c-test.org/resources/testharness.js:73:18)\n    at http://www.w3c-test.org/proximity/DeviceProximityEvent_tests.js:30:5\n    at http://www.w3c-test.org/proximity/DeviceProximityEvent_tests.js:439:3)"
        },
        {
          "name": "type argument is Number",
          "status": "FAIL",
          "message": "DeviceProximityEvent is not defined(stack: ReferenceError: DeviceProximityEvent is not defined\n    at Object.<anonymous> (http://www.w3c-test.org/proximity/DeviceProximityEvent_tests.js:36:25)\n    at Object.Test.step (http://www.w3c-test.org/resources/testharness.js:798:25)\n    at test (http://www.w3c-test.org/resources/testharness.js:73:18)\n    at http://www.w3c-test.org/proximity/DeviceProximityEvent_tests.js:35:5\n    at http://www.w3c-test.org/proximity/DeviceProximityEvent_tests.js:439:3)"
        },
        {
          "name": "type argument is array",
          "status": "FAIL",
          "message": "DeviceProximityEvent is not defined(stack: ReferenceError: DeviceProximityEvent is not defined\n    at Object.<anonymous> (http://www.w3c-test.org/proximity/DeviceProximityEvent_tests.js:41:25)\n    at Object.Test.step (http://www.w3c-test.org/resources/testharness.js:798:25)\n    at test (http://www.w3c-test.org/resources/testharness.js:73:18)\n    at http://www.w3c-test.org/proximity/DeviceProximityEvent_tests.js:40:5\n    at http://www.w3c-test.org/proximity/DeviceProximityEvent_tests.js:439:3)"
        },
        {
          "name": "type argument is instance of Array",
          "status": "FAIL",
          "message": "DeviceProximityEvent is not defined(stack: ReferenceError: DeviceProximityEvent is not defined\n    at Object.<anonymous> (http://www.w3c-test.org/proximity/DeviceProximityEvent_tests.js:46:25)\n    at Object.Test.step (http://www.w3c-test.org/resources/testharness.js:798:25)\n    at test (http://www.w3c-test.org/resources/testharness.js:73:18)\n    at http://www.w3c-test.org/proximity/DeviceProximityEvent_tests.js:45:5\n    at http://www.w3c-test.org/proximity/DeviceProximityEvent_tests.js:439:3)"
        },
        {
          "name": "type argument is nested array",
          "status": "FAIL",
          "message": "DeviceProximityEvent is not defined(stack: ReferenceError: DeviceProximityEvent is not defined\n    at Object.<anonymous> (http://www.w3c-test.org/proximity/DeviceProximityEvent_tests.js:51:25)\n    at Object.Test.step (http://www.w3c-test.org/resources/testharness.js:798:25)\n    at test (http://www.w3c-test.org/resources/testharness.js:73:18)\n    at http://www.w3c-test.org/proximity/DeviceProximityEvent_tests.js:50:5\n    at http://www.w3c-test.org/proximity/DeviceProximityEvent_tests.js:439:3)"
        },
        {
          "name": "type argument is host object",
          "status": "FAIL",
          "message": "DeviceProximityEvent is not defined(stack: ReferenceError: DeviceProximityEvent is not defined\n    at Object.<anonymous> (http://www.w3c-test.org/proximity/DeviceProximityEvent_tests.js:56:25)\n    at Object.Test.step (http://www.w3c-test.org/resources/testharness.js:798:25)\n    at test (http://www.w3c-test.org/resources/testharness.js:73:18)\n    at http://www.w3c-test.org/proximity/DeviceProximityEvent_tests.js:55:5\n    at http://www.w3c-test.org/proximity/DeviceProximityEvent_tests.js:439:3)"
        },
        {
          "name": "type argument is boolean (true)",
          "status": "FAIL",
          "message": "DeviceProximityEvent is not defined(stack: ReferenceError: DeviceProximityEvent is not defined\n    at Object.<anonymous> (http://www.w3c-test.org/proximity/DeviceProximityEvent_tests.js:61:25)\n    at Object.Test.step (http://www.w3c-test.org/resources/testharness.js:798:25)\n    at test (http://www.w3c-test.org/resources/testharness.js:73:18)\n    at http://www.w3c-test.org/proximity/DeviceProximityEvent_tests.js:60:5\n    at http://www.w3c-test.org/proximity/DeviceProximityEvent_tests.js:439:3)"
        },
        {
          "name": "type argument is instance of Boolean (true)",
          "status": "FAIL",
          "message": "DeviceProximityEvent is not defined(stack: ReferenceError: DeviceProximityEvent is not defined\n    at Object.<anonymous> (http://www.w3c-test.org/proximity/DeviceProximityEvent_tests.js:66:25)\n    at Object.Test.step (http://www.w3c-test.org/resources/testharness.js:798:25)\n    at test (http://www.w3c-test.org/resources/testharness.js:73:18)\n    at http://www.w3c-test.org/proximity/DeviceProximityEvent_tests.js:65:5\n    at http://www.w3c-test.org/proximity/DeviceProximityEvent_tests.js:439:3)"
        },
        {
          "name": "type argument is boolean (false)",
          "status": "FAIL",
          "message": "DeviceProximityEvent is not defined(stack: ReferenceError: DeviceProximityEvent is not defined\n    at Object.<anonymous> (http://www.w3c-test.org/proximity/DeviceProximityEvent_tests.js:71:25)\n    at Object.Test.step (http://www.w3c-test.org/resources/testharness.js:798:25)\n    at test (http://www.w3c-test.org/resources/testharness.js:73:18)\n    at http://www.w3c-test.org/proximity/DeviceProximityEvent_tests.js:70:5\n    at http://www.w3c-test.org/proximity/DeviceProximityEvent_tests.js:439:3)"
        },
        {
          "name": "type argument is instance of Boolean (false)",
          "status": "FAIL",
          "message": "DeviceProximityEvent is not defined(stack: ReferenceError: DeviceProximityEvent is not defined\n    at Object.<anonymous> (http://www.w3c-test.org/proximity/DeviceProximityEvent_tests.js:76:25)\n    at Object.Test.step (http://www.w3c-test.org/resources/testharness.js:798:25)\n    at test (http://www.w3c-test.org/resources/testharness.js:73:18)\n    at http://www.w3c-test.org/proximity/DeviceProximityEvent_tests.js:75:5\n    at http://www.w3c-test.org/proximity/DeviceProximityEvent_tests.js:439:3)"
        },
        {
          "name": "type argument is string",
          "status": "FAIL",
          "message": "DeviceProximityEvent is not defined(stack: ReferenceError: DeviceProximityEvent is not defined\n    at Object.<anonymous> (http://www.w3c-test.org/proximity/DeviceProximityEvent_tests.js:81:25)\n    at Object.Test.step (http://www.w3c-test.org/resources/testharness.js:798:25)\n    at test (http://www.w3c-test.org/resources/testharness.js:73:18)\n    at http://www.w3c-test.org/proximity/DeviceProximityEvent_tests.js:80:5\n    at http://www.w3c-test.org/proximity/DeviceProximityEvent_tests.js:439:3)"
        },
        {
          "name": "type argument is instance of String",
          "status": "FAIL",
          "message": "DeviceProximityEvent is not defined(stack: ReferenceError: DeviceProximityEvent is not defined\n    at Object.<anonymous> (http://www.w3c-test.org/proximity/DeviceProximityEvent_tests.js:86:25)\n    at Object.Test.step (http://www.w3c-test.org/resources/testharness.js:798:25)\n    at test (http://www.w3c-test.org/resources/testharness.js:73:18)\n    at http://www.w3c-test.org/proximity/DeviceProximityEvent_tests.js:85:5\n    at http://www.w3c-test.org/proximity/DeviceProximityEvent_tests.js:439:3)"
        },
        {
          "name": "type argument is function",
          "status": "FAIL",
          "message": "DeviceProximityEvent is not defined(stack: ReferenceError: DeviceProximityEvent is not defined\n    at Object.DeviceProximityEvent.toString (http://www.w3c-test.org/proximity/DeviceProximityEvent_tests.js:91:25)\n    at Object.Test.step (http://www.w3c-test.org/resources/testharness.js:798:25)\n    at test (http://www.w3c-test.org/resources/testharness.js:73:18)\n    at http://www.w3c-test.org/proximity/DeviceProximityEvent_tests.js:90:5\n    at http://www.w3c-test.org/proximity/DeviceProximityEvent_tests.js:439:3)"
        },
        {
          "name": "type argument is complext object, with toString method",
          "status": "FAIL",
          "message": "DeviceProximityEvent is not defined(stack: ReferenceError: DeviceProximityEvent is not defined\n    at Object.DeviceProximityEvent.toString (http://www.w3c-test.org/proximity/DeviceProximityEvent_tests.js:96:25)\n    at Object.Test.step (http://www.w3c-test.org/resources/testharness.js:798:25)\n    at test (http://www.w3c-test.org/resources/testharness.js:73:18)\n    at http://www.w3c-test.org/proximity/DeviceProximityEvent_tests.js:95:5\n    at http://www.w3c-test.org/proximity/DeviceProximityEvent_tests.js:439:3)"
        },
        {
          "name": "toString is of type function",
          "status": "FAIL",
          "message": "assert_throws: function \"function () {\n            new DeviceProximityEvent({\n    ...\" threw object \"ReferenceError: DeviceProximityEvent is not defined\" (\"ReferenceError\") expected object \"TypeError\" (\"TypeError\")"
        },
        {
          "name": "eventInitDict argument sets to undefined",
          "status": "FAIL",
          "message": "DeviceProximityEvent is not defined(stack: ReferenceError: DeviceProximityEvent is not defined\n    at Object.<anonymous> (http://www.w3c-test.org/proximity/DeviceProximityEvent_tests.js:116:25)\n    at Object.Test.step (http://www.w3c-test.org/resources/testharness.js:798:25)\n    at test (http://www.w3c-test.org/resources/testharness.js:73:18)\n    at http://www.w3c-test.org/proximity/DeviceProximityEvent_tests.js:115:5\n    at http://www.w3c-test.org/proximity/DeviceProximityEvent_tests.js:439:3)"
        },
        {
          "name": "eventInitDict argument is null",
          "status": "FAIL",
          "message": "DeviceProximityEvent is not defined(stack: ReferenceError: DeviceProximityEvent is not defined\n    at Object.<anonymous> (http://www.w3c-test.org/proximity/DeviceProximityEvent_tests.js:123:25)\n    at Object.Test.step (http://www.w3c-test.org/resources/testharness.js:798:25)\n    at test (http://www.w3c-test.org/resources/testharness.js:73:18)\n    at http://www.w3c-test.org/proximity/DeviceProximityEvent_tests.js:122:5\n    at http://www.w3c-test.org/proximity/DeviceProximityEvent_tests.js:439:3)"
        },
        {
          "name": "eventInitDict argument is Date object",
          "status": "FAIL",
          "message": "assert_throws: function \"function () {\n            new DeviceProximityEvent('test'...\" threw object \"ReferenceError: DeviceProximityEvent is not defined\" (\"ReferenceError\") expected object \"TypeError\" (\"TypeError\")"
        },
        {
          "name": "eventInitDict argument is RegExp object",
          "status": "FAIL",
          "message": "assert_throws: function \"function () {\n            new DeviceProximityEvent('test'...\" threw object \"ReferenceError: DeviceProximityEvent is not defined\" (\"ReferenceError\") expected object \"TypeError\" (\"TypeError\")"
        },
        {
          "name": "eventInitDict argument is boolean",
          "status": "FAIL",
          "message": "assert_throws: function \"function () {\n            new DeviceProximityEvent('test'...\" threw object \"ReferenceError: DeviceProximityEvent is not defined\" (\"ReferenceError\") expected object \"TypeError\" (\"TypeError\")"
        },
        {
          "name": "eventInitDict argument is number",
          "status": "FAIL",
          "message": "assert_throws: function \"function () {\n            new DeviceProximityEvent('test'...\" threw object \"ReferenceError: DeviceProximityEvent is not defined\" (\"ReferenceError\") expected object \"TypeError\" (\"TypeError\")"
        },
        {
          "name": "eventInitDict argument is string",
          "status": "FAIL",
          "message": "assert_throws: function \"function () {\n            new DeviceProximityEvent('test'...\" threw object \"ReferenceError: DeviceProximityEvent is not defined\" (\"ReferenceError\") expected object \"TypeError\" (\"TypeError\")"
        },
        {
          "name": "value attribute exist",
          "status": "FAIL",
          "message": "DeviceProximityEvent is not defined(stack: ReferenceError: DeviceProximityEvent is not defined\n    at Object.<anonymous> (http://www.w3c-test.org/proximity/DeviceProximityEvent_tests.js:163:25)\n    at Object.Test.step (http://www.w3c-test.org/resources/testharness.js:798:25)\n    at test (http://www.w3c-test.org/resources/testharness.js:73:18)\n    at http://www.w3c-test.org/proximity/DeviceProximityEvent_tests.js:162:5\n    at http://www.w3c-test.org/proximity/DeviceProximityEvent_tests.js:439:3)"
        },
        {
          "name": "value attribute is readonly",
          "status": "FAIL",
          "message": "DeviceProximityEvent is not defined(stack: ReferenceError: DeviceProximityEvent is not defined\n    at Object.<anonymous> (http://www.w3c-test.org/proximity/DeviceProximityEvent_tests.js:168:25)\n    at Object.Test.step (http://www.w3c-test.org/resources/testharness.js:798:25)\n    at test (http://www.w3c-test.org/resources/testharness.js:73:18)\n    at http://www.w3c-test.org/proximity/DeviceProximityEvent_tests.js:167:6\n    at http://www.w3c-test.org/proximity/DeviceProximityEvent_tests.js:439:3)"
        },
        {
          "name": "value initializes to positive Infinity",
          "status": "FAIL",
          "message": "DeviceProximityEvent is not defined(stack: ReferenceError: DeviceProximityEvent is not defined\n    at Object.DeviceProximityEvent.value (http://www.w3c-test.org/proximity/DeviceProximityEvent_tests.js:173:25)\n    at Object.Test.step (http://www.w3c-test.org/resources/testharness.js:798:25)\n    at test (http://www.w3c-test.org/resources/testharness.js:73:18)\n    at http://www.w3c-test.org/proximity/DeviceProximityEvent_tests.js:172:5\n    at http://www.w3c-test.org/proximity/DeviceProximityEvent_tests.js:439:3)"
        },
        {
          "name": "value set to positive Infinity",
          "status": "FAIL",
          "message": "DeviceProximityEvent is not defined(stack: ReferenceError: DeviceProximityEvent is not defined\n    at Object.DeviceProximityEvent.value (http://www.w3c-test.org/proximity/DeviceProximityEvent_tests.js:178:25)\n    at Object.Test.step (http://www.w3c-test.org/resources/testharness.js:798:25)\n    at test (http://www.w3c-test.org/resources/testharness.js:73:18)\n    at http://www.w3c-test.org/proximity/DeviceProximityEvent_tests.js:177:5\n    at http://www.w3c-test.org/proximity/DeviceProximityEvent_tests.js:439:3)"
        },
        {
          "name": "value set to negative Infinity",
          "status": "FAIL",
          "message": "DeviceProximityEvent is not defined(stack: ReferenceError: DeviceProximityEvent is not defined\n    at Object.DeviceProximityEvent.value (http://www.w3c-test.org/proximity/DeviceProximityEvent_tests.js:185:25)\n    at Object.Test.step (http://www.w3c-test.org/resources/testharness.js:798:25)\n    at test (http://www.w3c-test.org/resources/testharness.js:73:18)\n    at http://www.w3c-test.org/proximity/DeviceProximityEvent_tests.js:184:5\n    at http://www.w3c-test.org/proximity/DeviceProximityEvent_tests.js:439:3)"
        },
        {
          "name": "value set to 0",
          "status": "FAIL",
          "message": "DeviceProximityEvent is not defined(stack: ReferenceError: DeviceProximityEvent is not defined\n    at Object.DeviceProximityEvent.value (http://www.w3c-test.org/proximity/DeviceProximityEvent_tests.js:192:25)\n    at Object.Test.step (http://www.w3c-test.org/resources/testharness.js:798:25)\n    at test (http://www.w3c-test.org/resources/testharness.js:73:18)\n    at http://www.w3c-test.org/proximity/DeviceProximityEvent_tests.js:191:5\n    at http://www.w3c-test.org/proximity/DeviceProximityEvent_tests.js:439:3)"
        },
        {
          "name": "value set to 1",
          "status": "FAIL",
          "message": "DeviceProximityEvent is not defined(stack: ReferenceError: DeviceProximityEvent is not defined\n    at Object.DeviceProximityEvent.value (http://www.w3c-test.org/proximity/DeviceProximityEvent_tests.js:199:25)\n    at Object.Test.step (http://www.w3c-test.org/resources/testharness.js:798:25)\n    at test (http://www.w3c-test.org/resources/testharness.js:73:18)\n    at http://www.w3c-test.org/proximity/DeviceProximityEvent_tests.js:198:5\n    at http://www.w3c-test.org/proximity/DeviceProximityEvent_tests.js:439:3)"
        },
        {
          "name": "value set to 0.5",
          "status": "FAIL",
          "message": "DeviceProximityEvent is not defined(stack: ReferenceError: DeviceProximityEvent is not defined\n    at Object.DeviceProximityEvent.value (http://www.w3c-test.org/proximity/DeviceProximityEvent_tests.js:206:25)\n    at Object.Test.step (http://www.w3c-test.org/resources/testharness.js:798:25)\n    at test (http://www.w3c-test.org/resources/testharness.js:73:18)\n    at http://www.w3c-test.org/proximity/DeviceProximityEvent_tests.js:205:5\n    at http://www.w3c-test.org/proximity/DeviceProximityEvent_tests.js:439:3)"
        },
        {
          "name": "value set to false",
          "status": "FAIL",
          "message": "DeviceProximityEvent is not defined(stack: ReferenceError: DeviceProximityEvent is not defined\n    at Object.DeviceProximityEvent.value (http://www.w3c-test.org/proximity/DeviceProximityEvent_tests.js:213:25)\n    at Object.Test.step (http://www.w3c-test.org/resources/testharness.js:798:25)\n    at test (http://www.w3c-test.org/resources/testharness.js:73:18)\n    at http://www.w3c-test.org/proximity/DeviceProximityEvent_tests.js:212:5\n    at http://www.w3c-test.org/proximity/DeviceProximityEvent_tests.js:439:3)"
        },
        {
          "name": "value set to true",
          "status": "FAIL",
          "message": "DeviceProximityEvent is not defined(stack: ReferenceError: DeviceProximityEvent is not defined\n    at Object.prop.value (http://www.w3c-test.org/proximity/DeviceProximityEvent_tests.js:220:25)\n    at Object.Test.step (http://www.w3c-test.org/resources/testharness.js:798:25)\n    at test (http://www.w3c-test.org/resources/testharness.js:73:18)\n    at http://www.w3c-test.org/proximity/DeviceProximityEvent_tests.js:219:5\n    at http://www.w3c-test.org/proximity/DeviceProximityEvent_tests.js:439:3)"
        },
        {
          "name": "value of undefined resolves to NaN",
          "status": "FAIL",
          "message": "assert_unreached: error message: DeviceProximityEvent is not defined Reached unreachable code"
        },
        {
          "name": "value of null resolves to 0",
          "status": "FAIL",
          "message": "DeviceProximityEvent is not defined(stack: ReferenceError: DeviceProximityEvent is not defined\n    at Object.DeviceProximityEvent.value (http://www.w3c-test.org/proximity/DeviceProximityEvent_tests.js:240:25)\n    at Object.Test.step (http://www.w3c-test.org/resources/testharness.js:798:25)\n    at test (http://www.w3c-test.org/resources/testharness.js:73:18)\n    at http://www.w3c-test.org/proximity/DeviceProximityEvent_tests.js:239:5\n    at http://www.w3c-test.org/proximity/DeviceProximityEvent_tests.js:439:3)"
        },
        {
          "name": "value of empty string must resolve to 0",
          "status": "FAIL",
          "message": "DeviceProximityEvent is not defined(stack: ReferenceError: DeviceProximityEvent is not defined\n    at Object.DeviceProximityEvent.value (http://www.w3c-test.org/proximity/DeviceProximityEvent_tests.js:247:25)\n    at Object.Test.step (http://www.w3c-test.org/resources/testharness.js:798:25)\n    at test (http://www.w3c-test.org/resources/testharness.js:73:18)\n    at http://www.w3c-test.org/proximity/DeviceProximityEvent_tests.js:246:5\n    at http://www.w3c-test.org/proximity/DeviceProximityEvent_tests.js:439:3)"
        },
        {
          "name": "value of U+0020 must resolve to 0",
          "status": "FAIL",
          "message": "DeviceProximityEvent is not defined(stack: ReferenceError: DeviceProximityEvent is not defined\n    at Object.DeviceProximityEvent.value (http://www.w3c-test.org/proximity/DeviceProximityEvent_tests.js:254:25)\n    at Object.Test.step (http://www.w3c-test.org/resources/testharness.js:798:25)\n    at test (http://www.w3c-test.org/resources/testharness.js:73:18)\n    at http://www.w3c-test.org/proximity/DeviceProximityEvent_tests.js:253:5\n    at http://www.w3c-test.org/proximity/DeviceProximityEvent_tests.js:439:3)"
        },
        {
          "name": "value of multiple U+0020 must resolve to 0",
          "status": "FAIL",
          "message": "DeviceProximityEvent is not defined(stack: ReferenceError: DeviceProximityEvent is not defined\n    at Object.DeviceProximityEvent.value (http://www.w3c-test.org/proximity/DeviceProximityEvent_tests.js:261:25)\n    at Object.Test.step (http://www.w3c-test.org/resources/testharness.js:798:25)\n    at test (http://www.w3c-test.org/resources/testharness.js:73:18)\n    at http://www.w3c-test.org/proximity/DeviceProximityEvent_tests.js:260:5\n    at http://www.w3c-test.org/proximity/DeviceProximityEvent_tests.js:439:3)"
        },
        {
          "name": "value converts to 1234",
          "status": "FAIL",
          "message": "DeviceProximityEvent is not defined(stack: ReferenceError: DeviceProximityEvent is not defined\n    at Object.DeviceProximityEvent.value (http://www.w3c-test.org/proximity/DeviceProximityEvent_tests.js:268:25)\n    at Object.Test.step (http://www.w3c-test.org/resources/testharness.js:798:25)\n    at test (http://www.w3c-test.org/resources/testharness.js:73:18)\n    at http://www.w3c-test.org/proximity/DeviceProximityEvent_tests.js:267:5\n    at http://www.w3c-test.org/proximity/DeviceProximityEvent_tests.js:439:3)"
        },
        {
          "name": "value converts to 0",
          "status": "FAIL",
          "message": "DeviceProximityEvent is not defined(stack: ReferenceError: DeviceProximityEvent is not defined\n    at Object.prop.value (http://www.w3c-test.org/proximity/DeviceProximityEvent_tests.js:275:25)\n    at Object.Test.step (http://www.w3c-test.org/resources/testharness.js:798:25)\n    at test (http://www.w3c-test.org/resources/testharness.js:73:18)\n    at http://www.w3c-test.org/proximity/DeviceProximityEvent_tests.js:274:5\n    at http://www.w3c-test.org/proximity/DeviceProximityEvent_tests.js:439:3)"
        },
        {
          "name": "value of {} resolves to NaN",
          "status": "FAIL",
          "message": "assert_unreached: error message: DeviceProximityEvent is not defined Reached unreachable code"
        },
        {
          "name": "value resolves to NaN",
          "status": "FAIL",
          "message": "assert_unreached: error message: DeviceProximityEvent is not defined Reached unreachable code"
        },
        {
          "name": "value resolves 123",
          "status": "FAIL",
          "message": "DeviceProximityEvent is not defined(stack: ReferenceError: DeviceProximityEvent is not defined\n    at Object.<anonymous> (http://www.w3c-test.org/proximity/DeviceProximityEvent_tests.js:314:25)\n    at Object.Test.step (http://www.w3c-test.org/resources/testharness.js:798:25)\n    at test (http://www.w3c-test.org/resources/testharness.js:73:18)\n    at http://www.w3c-test.org/proximity/DeviceProximityEvent_tests.js:308:5\n    at http://www.w3c-test.org/proximity/DeviceProximityEvent_tests.js:439:3)"
        },
        {
          "name": "min attribute exist",
          "status": "FAIL",
          "message": "DeviceProximityEvent is not defined(stack: ReferenceError: DeviceProximityEvent is not defined\n    at Object.<anonymous> (http://www.w3c-test.org/proximity/DeviceProximityEvent_tests.js:320:25)\n    at Object.Test.step (http://www.w3c-test.org/resources/testharness.js:798:25)\n    at test (http://www.w3c-test.org/resources/testharness.js:73:18)\n    at http://www.w3c-test.org/proximity/DeviceProximityEvent_tests.js:319:4\n    at http://www.w3c-test.org/proximity/DeviceProximityEvent_tests.js:439:3)"
        },
        {
          "name": "min attribute is readonly",
          "status": "FAIL",
          "message": "DeviceProximityEvent is not defined(stack: ReferenceError: DeviceProximityEvent is not defined\n    at Object.<anonymous> (http://www.w3c-test.org/proximity/DeviceProximityEvent_tests.js:325:25)\n    at Object.Test.step (http://www.w3c-test.org/resources/testharness.js:798:25)\n    at test (http://www.w3c-test.org/resources/testharness.js:73:18)\n    at http://www.w3c-test.org/proximity/DeviceProximityEvent_tests.js:324:5\n    at http://www.w3c-test.org/proximity/DeviceProximityEvent_tests.js:439:3)"
        },
        {
          "name": "min initializes to negative Infinity",
          "status": "FAIL",
          "message": "DeviceProximityEvent is not defined(stack: ReferenceError: DeviceProximityEvent is not defined\n    at Object.<anonymous> (http://www.w3c-test.org/proximity/DeviceProximityEvent_tests.js:330:25)\n    at Object.Test.step (http://www.w3c-test.org/resources/testharness.js:798:25)\n    at test (http://www.w3c-test.org/resources/testharness.js:73:18)\n    at http://www.w3c-test.org/proximity/DeviceProximityEvent_tests.js:329:5\n    at http://www.w3c-test.org/proximity/DeviceProximityEvent_tests.js:439:3)"
        },
        {
          "name": "max attribute exist",
          "status": "FAIL",
          "message": "DeviceProximityEvent is not defined(stack: ReferenceError: DeviceProximityEvent is not defined\n    at Object.<anonymous> (http://www.w3c-test.org/proximity/DeviceProximityEvent_tests.js:336:25)\n    at Object.Test.step (http://www.w3c-test.org/resources/testharness.js:798:25)\n    at test (http://www.w3c-test.org/resources/testharness.js:73:18)\n    at http://www.w3c-test.org/proximity/DeviceProximityEvent_tests.js:335:5\n    at http://www.w3c-test.org/proximity/DeviceProximityEvent_tests.js:439:3)"
        },
        {
          "name": "max attribute is readonly",
          "status": "FAIL",
          "message": "DeviceProximityEvent is not defined(stack: ReferenceError: DeviceProximityEvent is not defined\n    at Object.<anonymous> (http://www.w3c-test.org/proximity/DeviceProximityEvent_tests.js:341:25)\n    at Object.Test.step (http://www.w3c-test.org/resources/testharness.js:798:25)\n    at test (http://www.w3c-test.org/resources/testharness.js:73:18)\n    at http://www.w3c-test.org/proximity/DeviceProximityEvent_tests.js:340:5\n    at http://www.w3c-test.org/proximity/DeviceProximityEvent_tests.js:439:3)"
        },
        {
          "name": "max initializes to positive Infinity",
          "status": "FAIL",
          "message": "DeviceProximityEvent is not defined(stack: ReferenceError: DeviceProximityEvent is not defined\n    at Object.desc (http://www.w3c-test.org/proximity/DeviceProximityEvent_tests.js:346:25)\n    at Object.Test.step (http://www.w3c-test.org/resources/testharness.js:798:25)\n    at test (http://www.w3c-test.org/resources/testharness.js:73:18)\n    at http://www.w3c-test.org/proximity/DeviceProximityEvent_tests.js:345:5\n    at http://www.w3c-test.org/proximity/DeviceProximityEvent_tests.js:439:3)"
        },
        {
          "name": "ondeviceproximity exists",
          "status": "FAIL",
          "message": "assert_idl_attribute: Expected to find ondeviceproximity attribute on window object property \"ondeviceproximity\" not found in prototype chain"
        },
        {
          "name": "ondeviceproximity is null",
          "status": "FAIL",
          "message": "assert_equals: window.ondeviceproximity must be null expected (object) null but got (undefined) undefined"
        },
        {
          "name": "ondeviceproximity is set to function",
          "status": "FAIL",
          "message": "assert_idl_attribute: Expected to find ondeviceproximity attribute on window object property \"ondeviceproximity\" not found in prototype chain"
        },
        {
          "name": "treat object as null",
          "status": "FAIL",
          "message": "assert_equals: window.ondeviceproximity did not treat noncallable as null expected null but got object \"[object Object]\""
        },
        {
          "name": "treat object with non-callable call property as null",
          "status": "FAIL",
          "message": "assert_equals: window.ondeviceproximity did not treat noncallable as null expected null but got object \"[object Object]\""
        },
        {
          "name": "treat string as null",
          "status": "FAIL",
          "message": "assert_equals: window.ondeviceproximity did not treat noncallable (string) as null expected (object) null but got (string) \"string\""
        },
        {
          "name": "treat number as null",
          "status": "FAIL",
          "message": "assert_equals: window.ondeviceproximity did not treat noncallable (number) as null expected (object) null but got (number) 123"
        },
        {
          "name": "treat undefined as null",
          "status": "FAIL",
          "message": "assert_equals: window.ondeviceproximity did not treat noncallable (undefined) as null expected (object) null but got (undefined) undefined"
        },
        {
          "name": "treat array as null",
          "status": "FAIL",
          "message": "assert_equals: window.ondeviceproximity did not treat noncallable (array) as null expected null but got []"
        },
        {
          "name": "treat non-callable host object as null",
          "status": "FAIL",
          "message": "assert_equals: window.ondeviceproximity did not treat noncallable host object as null expected (object) null but got (function) function \"function Node() { [native code] }\""
        },
        {
          "name": "test if device proximity event received",
          "status": "NOTRUN",
          "message": null
        },
        {
          "name": "test if user proximity event received",
          "status": "NOTRUN",
          "message": null
        }
      ],
      "status": "ERROR",
      "message": "Uncaught ReferenceError: getExtractedNovelData is not defined"
    },
    {
      "test": "/proximity/UserProximityEvent_tests.html",
      "subtests": [
        {
          "name": "the event is an instance of UserProximityEvent",
          "status": "FAIL",
          "message": "UserProximityEvent is not defined(stack: ReferenceError: UserProximityEvent is not defined\n    at Object.<anonymous> (http://www.w3c-test.org/proximity/UserProximityEvent_tests.js:4:25)\n    at Object.Test.step (http://www.w3c-test.org/resources/testharness.js:798:25)\n    at test (http://www.w3c-test.org/resources/testharness.js:73:18)\n    at http://www.w3c-test.org/proximity/UserProximityEvent_tests.js:3:5\n    at http://www.w3c-test.org/proximity/UserProximityEvent_tests.js:342:3)"
        },
        {
          "name": "the event inherits from Event",
          "status": "FAIL",
          "message": "UserProximityEvent is not defined(stack: ReferenceError: UserProximityEvent is not defined\n    at Object.UserProximityEvent.toString (http://www.w3c-test.org/proximity/UserProximityEvent_tests.js:9:25)\n    at Object.Test.step (http://www.w3c-test.org/resources/testharness.js:798:25)\n    at test (http://www.w3c-test.org/resources/testharness.js:73:18)\n    at http://www.w3c-test.org/proximity/UserProximityEvent_tests.js:8:5\n    at http://www.w3c-test.org/proximity/UserProximityEvent_tests.js:342:3)"
        },
        {
          "name": "Missing type argument",
          "status": "FAIL",
          "message": "assert_throws: First argument is required, so was expecting a TypeError. function \"function () {\n            new UserProximityEvent();\n     ...\" threw object \"ReferenceError: UserProximityEvent is not defined\" (\"ReferenceError\") expected object \"TypeError\" (\"TypeError\")"
        },
        {
          "name": "Event type set to undefined",
          "status": "FAIL",
          "message": "UserProximityEvent is not defined(stack: ReferenceError: UserProximityEvent is not defined\n    at Object.<anonymous> (http://www.w3c-test.org/proximity/UserProximityEvent_tests.js:21:25)\n    at Object.Test.step (http://www.w3c-test.org/resources/testharness.js:798:25)\n    at test (http://www.w3c-test.org/resources/testharness.js:73:18)\n    at http://www.w3c-test.org/proximity/UserProximityEvent_tests.js:20:5\n    at http://www.w3c-test.org/proximity/UserProximityEvent_tests.js:342:3)"
        },
        {
          "name": "type argument is null",
          "status": "FAIL",
          "message": "UserProximityEvent is not defined(stack: ReferenceError: UserProximityEvent is not defined\n    at Object.<anonymous> (http://www.w3c-test.org/proximity/UserProximityEvent_tests.js:26:25)\n    at Object.Test.step (http://www.w3c-test.org/resources/testharness.js:798:25)\n    at test (http://www.w3c-test.org/resources/testharness.js:73:18)\n    at http://www.w3c-test.org/proximity/UserProximityEvent_tests.js:25:5\n    at http://www.w3c-test.org/proximity/UserProximityEvent_tests.js:342:3)"
        },
        {
          "name": "type argument is number",
          "status": "FAIL",
          "message": "UserProximityEvent is not defined(stack: ReferenceError: UserProximityEvent is not defined\n    at Object.<anonymous> (http://www.w3c-test.org/proximity/UserProximityEvent_tests.js:31:25)\n    at Object.Test.step (http://www.w3c-test.org/resources/testharness.js:798:25)\n    at test (http://www.w3c-test.org/resources/testharness.js:73:18)\n    at http://www.w3c-test.org/proximity/UserProximityEvent_tests.js:30:5\n    at http://www.w3c-test.org/proximity/UserProximityEvent_tests.js:342:3)"
        },
        {
          "name": "type argument is Number",
          "status": "FAIL",
          "message": "UserProximityEvent is not defined(stack: ReferenceError: UserProximityEvent is not defined\n    at Object.<anonymous> (http://www.w3c-test.org/proximity/UserProximityEvent_tests.js:36:25)\n    at Object.Test.step (http://www.w3c-test.org/resources/testharness.js:798:25)\n    at test (http://www.w3c-test.org/resources/testharness.js:73:18)\n    at http://www.w3c-test.org/proximity/UserProximityEvent_tests.js:35:5\n    at http://www.w3c-test.org/proximity/UserProximityEvent_tests.js:342:3)"
        },
        {
          "name": "type argument is array",
          "status": "FAIL",
          "message": "UserProximityEvent is not defined(stack: ReferenceError: UserProximityEvent is not defined\n    at Object.<anonymous> (http://www.w3c-test.org/proximity/UserProximityEvent_tests.js:41:25)\n    at Object.Test.step (http://www.w3c-test.org/resources/testharness.js:798:25)\n    at test (http://www.w3c-test.org/resources/testharness.js:73:18)\n    at http://www.w3c-test.org/proximity/UserProximityEvent_tests.js:40:5\n    at http://www.w3c-test.org/proximity/UserProximityEvent_tests.js:342:3)"
        },
        {
          "name": "type argument is instance of Array",
          "status": "FAIL",
          "message": "UserProximityEvent is not defined(stack: ReferenceError: UserProximityEvent is not defined\n    at Object.<anonymous> (http://www.w3c-test.org/proximity/UserProximityEvent_tests.js:46:25)\n    at Object.Test.step (http://www.w3c-test.org/resources/testharness.js:798:25)\n    at test (http://www.w3c-test.org/resources/testharness.js:73:18)\n    at http://www.w3c-test.org/proximity/UserProximityEvent_tests.js:45:5\n    at http://www.w3c-test.org/proximity/UserProximityEvent_tests.js:342:3)"
        },
        {
          "name": "type argument is nested array",
          "status": "FAIL",
          "message": "UserProximityEvent is not defined(stack: ReferenceError: UserProximityEvent is not defined\n    at Object.<anonymous> (http://www.w3c-test.org/proximity/UserProximityEvent_tests.js:51:25)\n    at Object.Test.step (http://www.w3c-test.org/resources/testharness.js:798:25)\n    at test (http://www.w3c-test.org/resources/testharness.js:73:18)\n    at http://www.w3c-test.org/proximity/UserProximityEvent_tests.js:50:5\n    at http://www.w3c-test.org/proximity/UserProximityEvent_tests.js:342:3)"
        },
        {
          "name": "type argument is host object",
          "status": "FAIL",
          "message": "UserProximityEvent is not defined(stack: ReferenceError: UserProximityEvent is not defined\n    at Object.<anonymous> (http://www.w3c-test.org/proximity/UserProximityEvent_tests.js:56:25)\n    at Object.Test.step (http://www.w3c-test.org/resources/testharness.js:798:25)\n    at test (http://www.w3c-test.org/resources/testharness.js:73:18)\n    at http://www.w3c-test.org/proximity/UserProximityEvent_tests.js:55:5\n    at http://www.w3c-test.org/proximity/UserProximityEvent_tests.js:342:3)"
        },
        {
          "name": "type argument is boolean (true)",
          "status": "FAIL",
          "message": "UserProximityEvent is not defined(stack: ReferenceError: UserProximityEvent is not defined\n    at Object.<anonymous> (http://www.w3c-test.org/proximity/UserProximityEvent_tests.js:61:25)\n    at Object.Test.step (http://www.w3c-test.org/resources/testharness.js:798:25)\n    at test (http://www.w3c-test.org/resources/testharness.js:73:18)\n    at http://www.w3c-test.org/proximity/UserProximityEvent_tests.js:60:5\n    at http://www.w3c-test.org/proximity/UserProximityEvent_tests.js:342:3)"
        },
        {
          "name": "type argument is instance of Boolean (true)",
          "status": "FAIL",
          "message": "UserProximityEvent is not defined(stack: ReferenceError: UserProximityEvent is not defined\n    at Object.<anonymous> (http://www.w3c-test.org/proximity/UserProximityEvent_tests.js:66:25)\n    at Object.Test.step (http://www.w3c-test.org/resources/testharness.js:798:25)\n    at test (http://www.w3c-test.org/resources/testharness.js:73:18)\n    at http://www.w3c-test.org/proximity/UserProximityEvent_tests.js:65:5\n    at http://www.w3c-test.org/proximity/UserProximityEvent_tests.js:342:3)"
        },
        {
          "name": "type argument is boolean (false)",
          "status": "FAIL",
          "message": "UserProximityEvent is not defined(stack: ReferenceError: UserProximityEvent is not defined\n    at Object.<anonymous> (http://www.w3c-test.org/proximity/UserProximityEvent_tests.js:71:25)\n    at Object.Test.step (http://www.w3c-test.org/resources/testharness.js:798:25)\n    at test (http://www.w3c-test.org/resources/testharness.js:73:18)\n    at http://www.w3c-test.org/proximity/UserProximityEvent_tests.js:70:5\n    at http://www.w3c-test.org/proximity/UserProximityEvent_tests.js:342:3)"
        },
        {
          "name": "type argument is instance of Boolean (false)",
          "status": "FAIL",
          "message": "UserProximityEvent is not defined(stack: ReferenceError: UserProximityEvent is not defined\n    at Object.<anonymous> (http://www.w3c-test.org/proximity/UserProximityEvent_tests.js:76:25)\n    at Object.Test.step (http://www.w3c-test.org/resources/testharness.js:798:25)\n    at test (http://www.w3c-test.org/resources/testharness.js:73:18)\n    at http://www.w3c-test.org/proximity/UserProximityEvent_tests.js:75:5\n    at http://www.w3c-test.org/proximity/UserProximityEvent_tests.js:342:3)"
        },
        {
          "name": "type argument is string",
          "status": "FAIL",
          "message": "UserProximityEvent is not defined(stack: ReferenceError: UserProximityEvent is not defined\n    at Object.<anonymous> (http://www.w3c-test.org/proximity/UserProximityEvent_tests.js:81:25)\n    at Object.Test.step (http://www.w3c-test.org/resources/testharness.js:798:25)\n    at test (http://www.w3c-test.org/resources/testharness.js:73:18)\n    at http://www.w3c-test.org/proximity/UserProximityEvent_tests.js:80:5\n    at http://www.w3c-test.org/proximity/UserProximityEvent_tests.js:342:3)"
        },
        {
          "name": "type argument is instance of String",
          "status": "FAIL",
          "message": "UserProximityEvent is not defined(stack: ReferenceError: UserProximityEvent is not defined\n    at Object.<anonymous> (http://www.w3c-test.org/proximity/UserProximityEvent_tests.js:86:25)\n    at Object.Test.step (http://www.w3c-test.org/resources/testharness.js:798:25)\n    at test (http://www.w3c-test.org/resources/testharness.js:73:18)\n    at http://www.w3c-test.org/proximity/UserProximityEvent_tests.js:85:5\n    at http://www.w3c-test.org/proximity/UserProximityEvent_tests.js:342:3)"
        },
        {
          "name": "type argument is function",
          "status": "FAIL",
          "message": "UserProximityEvent is not defined(stack: ReferenceError: UserProximityEvent is not defined\n    at Object.UserProximityEvent.toString (http://www.w3c-test.org/proximity/UserProximityEvent_tests.js:91:25)\n    at Object.Test.step (http://www.w3c-test.org/resources/testharness.js:798:25)\n    at test (http://www.w3c-test.org/resources/testharness.js:73:18)\n    at http://www.w3c-test.org/proximity/UserProximityEvent_tests.js:90:5\n    at http://www.w3c-test.org/proximity/UserProximityEvent_tests.js:342:3)"
        },
        {
          "name": "type argument is complext object, with toString method",
          "status": "FAIL",
          "message": "UserProximityEvent is not defined(stack: ReferenceError: UserProximityEvent is not defined\n    at Object.UserProximityEvent.toString (http://www.w3c-test.org/proximity/UserProximityEvent_tests.js:96:25)\n    at Object.Test.step (http://www.w3c-test.org/resources/testharness.js:798:25)\n    at test (http://www.w3c-test.org/resources/testharness.js:73:18)\n    at http://www.w3c-test.org/proximity/UserProximityEvent_tests.js:95:5\n    at http://www.w3c-test.org/proximity/UserProximityEvent_tests.js:342:3)"
        },
        {
          "name": "toString is of type function",
          "status": "FAIL",
          "message": "assert_throws: function \"function () {\n            new UserProximityEvent({\n      ...\" threw object \"ReferenceError: UserProximityEvent is not defined\" (\"ReferenceError\") expected object \"TypeError\" (\"TypeError\")"
        },
        {
          "name": "eventInitDict argument sets to undefined",
          "status": "FAIL",
          "message": "UserProximityEvent is not defined(stack: ReferenceError: UserProximityEvent is not defined\n    at Object.<anonymous> (http://www.w3c-test.org/proximity/UserProximityEvent_tests.js:116:25)\n    at Object.Test.step (http://www.w3c-test.org/resources/testharness.js:798:25)\n    at test (http://www.w3c-test.org/resources/testharness.js:73:18)\n    at http://www.w3c-test.org/proximity/UserProximityEvent_tests.js:115:5\n    at http://www.w3c-test.org/proximity/UserProximityEvent_tests.js:342:3)"
        },
        {
          "name": "eventInitDict argument is null",
          "status": "FAIL",
          "message": "UserProximityEvent is not defined(stack: ReferenceError: UserProximityEvent is not defined\n    at Object.<anonymous> (http://www.w3c-test.org/proximity/UserProximityEvent_tests.js:121:25)\n    at Object.Test.step (http://www.w3c-test.org/resources/testharness.js:798:25)\n    at test (http://www.w3c-test.org/resources/testharness.js:73:18)\n    at http://www.w3c-test.org/proximity/UserProximityEvent_tests.js:120:5\n    at http://www.w3c-test.org/proximity/UserProximityEvent_tests.js:342:3)"
        },
        {
          "name": "eventInitDict argument is Date object",
          "status": "FAIL",
          "message": "assert_throws: function \"function () {\n            new UserProximityEvent('test', ...\" threw object \"ReferenceError: UserProximityEvent is not defined\" (\"ReferenceError\") expected object \"TypeError\" (\"TypeError\")"
        },
        {
          "name": "eventInitDict argument is RegExp object",
          "status": "FAIL",
          "message": "assert_throws: function \"function () {\n            new UserProximityEvent('test', ...\" threw object \"ReferenceError: UserProximityEvent is not defined\" (\"ReferenceError\") expected object \"TypeError\" (\"TypeError\")"
        },
        {
          "name": "eventInitDict argument is boolean",
          "status": "FAIL",
          "message": "assert_throws: function \"function () {\n            new UserProximityEvent('test', ...\" threw object \"ReferenceError: UserProximityEvent is not defined\" (\"ReferenceError\") expected object \"TypeError\" (\"TypeError\")"
        },
        {
          "name": "eventInitDict argument is number",
          "status": "FAIL",
          "message": "assert_throws: function \"function () {\n            new UserProximityEvent('test', ...\" threw object \"ReferenceError: UserProximityEvent is not defined\" (\"ReferenceError\") expected object \"TypeError\" (\"TypeError\")"
        },
        {
          "name": "eventInitDict argument is string",
          "status": "FAIL",
          "message": "assert_throws: function \"function () {\n            new UserProximityEvent('test', ...\" threw object \"ReferenceError: UserProximityEvent is not defined\" (\"ReferenceError\") expected object \"TypeError\" (\"TypeError\")"
        },
        {
          "name": "must have attribute near",
          "status": "FAIL",
          "message": "UserProximityEvent is not defined(stack: ReferenceError: UserProximityEvent is not defined\n    at Object.<anonymous> (http://www.w3c-test.org/proximity/UserProximityEvent_tests.js:159:25)\n    at Object.Test.step (http://www.w3c-test.org/resources/testharness.js:798:25)\n    at test (http://www.w3c-test.org/resources/testharness.js:73:18)\n    at http://www.w3c-test.org/proximity/UserProximityEvent_tests.js:158:5\n    at http://www.w3c-test.org/proximity/UserProximityEvent_tests.js:342:3)"
        },
        {
          "name": "near is readonly",
          "status": "FAIL",
          "message": "UserProximityEvent is not defined(stack: ReferenceError: UserProximityEvent is not defined\n    at Object.<anonymous> (http://www.w3c-test.org/proximity/UserProximityEvent_tests.js:164:25)\n    at Object.Test.step (http://www.w3c-test.org/resources/testharness.js:798:25)\n    at test (http://www.w3c-test.org/resources/testharness.js:73:18)\n    at http://www.w3c-test.org/proximity/UserProximityEvent_tests.js:163:5\n    at http://www.w3c-test.org/proximity/UserProximityEvent_tests.js:342:3)"
        },
        {
          "name": "near initializes to false",
          "status": "FAIL",
          "message": "UserProximityEvent is not defined(stack: ReferenceError: UserProximityEvent is not defined\n    at Object.UserProximityEvent.near (http://www.w3c-test.org/proximity/UserProximityEvent_tests.js:169:25)\n    at Object.Test.step (http://www.w3c-test.org/resources/testharness.js:798:25)\n    at test (http://www.w3c-test.org/resources/testharness.js:73:18)\n    at http://www.w3c-test.org/proximity/UserProximityEvent_tests.js:168:5\n    at http://www.w3c-test.org/proximity/UserProximityEvent_tests.js:342:3)"
        },
        {
          "name": "near set to false",
          "status": "FAIL",
          "message": "UserProximityEvent is not defined(stack: ReferenceError: UserProximityEvent is not defined\n    at Object.UserProximityEvent.near (http://www.w3c-test.org/proximity/UserProximityEvent_tests.js:174:25)\n    at Object.Test.step (http://www.w3c-test.org/resources/testharness.js:798:25)\n    at test (http://www.w3c-test.org/resources/testharness.js:73:18)\n    at http://www.w3c-test.org/proximity/UserProximityEvent_tests.js:173:5\n    at http://www.w3c-test.org/proximity/UserProximityEvent_tests.js:342:3)"
        },
        {
          "name": "near set to true",
          "status": "FAIL",
          "message": "UserProximityEvent is not defined(stack: ReferenceError: UserProximityEvent is not defined\n    at Object.UserProximityEvent.near (http://www.w3c-test.org/proximity/UserProximityEvent_tests.js:181:25)\n    at Object.Test.step (http://www.w3c-test.org/resources/testharness.js:798:25)\n    at test (http://www.w3c-test.org/resources/testharness.js:73:18)\n    at http://www.w3c-test.org/proximity/UserProximityEvent_tests.js:180:5\n    at http://www.w3c-test.org/proximity/UserProximityEvent_tests.js:342:3)"
        },
        {
          "name": "near set to undefined",
          "status": "FAIL",
          "message": "UserProximityEvent is not defined(stack: ReferenceError: UserProximityEvent is not defined\n    at Object.UserProximityEvent.near (http://www.w3c-test.org/proximity/UserProximityEvent_tests.js:188:25)\n    at Object.Test.step (http://www.w3c-test.org/resources/testharness.js:798:25)\n    at test (http://www.w3c-test.org/resources/testharness.js:73:18)\n    at http://www.w3c-test.org/proximity/UserProximityEvent_tests.js:187:5\n    at http://www.w3c-test.org/proximity/UserProximityEvent_tests.js:342:3)"
        },
        {
          "name": "near set to null",
          "status": "FAIL",
          "message": "UserProximityEvent is not defined(stack: ReferenceError: UserProximityEvent is not defined\n    at Object.UserProximityEvent.near (http://www.w3c-test.org/proximity/UserProximityEvent_tests.js:195:25)\n    at Object.Test.step (http://www.w3c-test.org/resources/testharness.js:798:25)\n    at test (http://www.w3c-test.org/resources/testharness.js:73:18)\n    at http://www.w3c-test.org/proximity/UserProximityEvent_tests.js:194:5\n    at http://www.w3c-test.org/proximity/UserProximityEvent_tests.js:342:3)"
        },
        {
          "name": "near set to 0",
          "status": "FAIL",
          "message": "UserProximityEvent is not defined(stack: ReferenceError: UserProximityEvent is not defined\n    at Object.UserProximityEvent.near (http://www.w3c-test.org/proximity/UserProximityEvent_tests.js:202:25)\n    at Object.Test.step (http://www.w3c-test.org/resources/testharness.js:798:25)\n    at test (http://www.w3c-test.org/resources/testharness.js:73:18)\n    at http://www.w3c-test.org/proximity/UserProximityEvent_tests.js:201:5\n    at http://www.w3c-test.org/proximity/UserProximityEvent_tests.js:342:3)"
        },
        {
          "name": "near set to empty string",
          "status": "FAIL",
          "message": "UserProximityEvent is not defined(stack: ReferenceError: UserProximityEvent is not defined\n    at Object.UserProximityEvent.near (http://www.w3c-test.org/proximity/UserProximityEvent_tests.js:209:25)\n    at Object.Test.step (http://www.w3c-test.org/resources/testharness.js:798:25)\n    at test (http://www.w3c-test.org/resources/testharness.js:73:18)\n    at http://www.w3c-test.org/proximity/UserProximityEvent_tests.js:208:5\n    at http://www.w3c-test.org/proximity/UserProximityEvent_tests.js:342:3)"
        },
        {
          "name": "near set to U+0020",
          "status": "FAIL",
          "message": "UserProximityEvent is not defined(stack: ReferenceError: UserProximityEvent is not defined\n    at Object.UserProximityEvent.near (http://www.w3c-test.org/proximity/UserProximityEvent_tests.js:216:25)\n    at Object.Test.step (http://www.w3c-test.org/resources/testharness.js:798:25)\n    at test (http://www.w3c-test.org/resources/testharness.js:73:18)\n    at http://www.w3c-test.org/proximity/UserProximityEvent_tests.js:215:5\n    at http://www.w3c-test.org/proximity/UserProximityEvent_tests.js:342:3)"
        },
        {
          "name": "near set to 1",
          "status": "FAIL",
          "message": "UserProximityEvent is not defined(stack: ReferenceError: UserProximityEvent is not defined\n    at Object.UserProximityEvent.near (http://www.w3c-test.org/proximity/UserProximityEvent_tests.js:223:25)\n    at Object.Test.step (http://www.w3c-test.org/resources/testharness.js:798:25)\n    at test (http://www.w3c-test.org/resources/testharness.js:73:18)\n    at http://www.w3c-test.org/proximity/UserProximityEvent_tests.js:222:5\n    at http://www.w3c-test.org/proximity/UserProximityEvent_tests.js:342:3)"
        },
        {
          "name": "near set to []",
          "status": "FAIL",
          "message": "UserProximityEvent is not defined(stack: ReferenceError: UserProximityEvent is not defined\n    at Object.UserProximityEvent.near (http://www.w3c-test.org/proximity/UserProximityEvent_tests.js:230:25)\n    at Object.Test.step (http://www.w3c-test.org/resources/testharness.js:798:25)\n    at test (http://www.w3c-test.org/resources/testharness.js:73:18)\n    at http://www.w3c-test.org/proximity/UserProximityEvent_tests.js:229:5\n    at http://www.w3c-test.org/proximity/UserProximityEvent_tests.js:342:3)"
        },
        {
          "name": "near set to {}",
          "status": "FAIL",
          "message": "UserProximityEvent is not defined(stack: ReferenceError: UserProximityEvent is not defined\n    at Object.dict.get (http://www.w3c-test.org/proximity/UserProximityEvent_tests.js:237:25)\n    at Object.Test.step (http://www.w3c-test.org/resources/testharness.js:798:25)\n    at test (http://www.w3c-test.org/resources/testharness.js:73:18)\n    at http://www.w3c-test.org/proximity/UserProximityEvent_tests.js:236:5\n    at http://www.w3c-test.org/proximity/UserProximityEvent_tests.js:342:3)"
        },
        {
          "name": "near set to object that resolves to false",
          "status": "FAIL",
          "message": "UserProximityEvent is not defined(stack: ReferenceError: UserProximityEvent is not defined\n    at Object.desc (http://www.w3c-test.org/proximity/UserProximityEvent_tests.js:249:25)\n    at Object.Test.step (http://www.w3c-test.org/resources/testharness.js:798:25)\n    at test (http://www.w3c-test.org/resources/testharness.js:73:18)\n    at http://www.w3c-test.org/proximity/UserProximityEvent_tests.js:243:5\n    at http://www.w3c-test.org/proximity/UserProximityEvent_tests.js:342:3)"
        },
        {
          "name": "onuserproximity exists",
          "status": "FAIL",
          "message": "assert_idl_attribute: Expected to find onuserproximity attribute on window object property \"onuserproximity\" not found in prototype chain"
        },
        {
          "name": "onuserproximity is null",
          "status": "FAIL",
          "message": "assert_equals: window.onuserproximity must be null expected (object) null but got (undefined) undefined"
        },
        {
          "name": "onuserproximity exists and can be set to a function",
          "status": "PASS",
          "message": null
        },
        {
          "name": "treat object as null",
          "status": "FAIL",
          "message": "assert_equals: window.onuserproximity did not treat noncallable as null expected null but got object \"[object Object]\""
        },
        {
          "name": "treat object with non-callable call property as null",
          "status": "FAIL",
          "message": "assert_equals: window.onuserproximity did not treat noncallable as null expected null but got object \"[object Object]\""
        },
        {
          "name": "treat string as null",
          "status": "FAIL",
          "message": "assert_equals: window.onuserproximity did not treat noncallable (string) as null expected (object) null but got (string) \"string\""
        },
        {
          "name": "treat number as null",
          "status": "FAIL",
          "message": "assert_equals: window.onuserproximity did not treat noncallable (number) as null expected (object) null but got (number) 123"
        },
        {
          "name": "treat undefined as null",
          "status": "FAIL",
          "message": "assert_equals: window.onuserproximity did not treat noncallable (undefined) as null expected (object) null but got (undefined) undefined"
        },
        {
          "name": "treat array as null",
          "status": "FAIL",
          "message": "assert_equals: window.onuserproximity did not treat noncallable (array) as null expected null but got []"
        },
        {
          "name": "treat non-callable host object as null",
          "status": "FAIL",
          "message": "assert_equals: window.onuserproximity did not treat noncallable host object as null expected (object) null but got (function) function \"function Node() { [native code] }\""
        },
        {
          "name": "test if user proximity event received",
          "status": "NOTRUN",
          "message": null
        },
        {
          "name": "test if user proximity event received (idl attribute)",
          "status": "NOTRUN",
          "message": null
        }
      ],
      "status": "ERROR",
      "message": "Uncaught ReferenceError: getExtractedNovelData is not defined"
    },
    {
      "test": "/proximity/idlharness.html",
      "subtests": [
        {
          "name": "Window interface: attribute ondeviceproximity",
          "status": "FAIL",
          "message": "assert_true: The prototype object must have a property \"ondeviceproximity\" expected true got false"
        },
        {
          "name": "Window interface: attribute onuserproximity",
          "status": "FAIL",
          "message": "assert_true: The prototype object must have a property \"onuserproximity\" expected true got false"
        },
        {
          "name": "Window must be primary interface of window",
          "status": "PASS",
          "message": null
        },
        {
          "name": "Stringification of window",
          "status": "FAIL",
          "message": "assert_equals: class string of window expected \"[object Window]\" but got \"[object global]\""
        },
        {
          "name": "Window interface: window must inherit property \"ondeviceproximity\" with the proper type (0)",
          "status": "FAIL",
          "message": "assert_inherits: property \"ondeviceproximity\" not found in prototype chain"
        },
        {
          "name": "Window interface: window must inherit property \"onuserproximity\" with the proper type (1)",
          "status": "FAIL",
          "message": "assert_inherits: property \"onuserproximity\" not found in prototype chain"
        },
        {
          "name": "DeviceProximityEvent interface: existence and properties of interface object",
          "status": "FAIL",
          "message": "assert_own_property: window does not have own property \"DeviceProximityEvent\" expected property \"DeviceProximityEvent\" missing"
        },
        {
          "name": "DeviceProximityEvent interface object length",
          "status": "FAIL",
          "message": "assert_own_property: window does not have own property \"DeviceProximityEvent\" expected property \"DeviceProximityEvent\" missing"
        },
        {
          "name": "DeviceProximityEvent interface: existence and properties of interface prototype object",
          "status": "FAIL",
          "message": "assert_own_property: window does not have own property \"DeviceProximityEvent\" expected property \"DeviceProximityEvent\" missing"
        },
        {
          "name": "DeviceProximityEvent interface: existence and properties of interface prototype object's \"constructor\" property",
          "status": "FAIL",
          "message": "assert_own_property: window does not have own property \"DeviceProximityEvent\" expected property \"DeviceProximityEvent\" missing"
        },
        {
          "name": "DeviceProximityEvent interface: attribute value",
          "status": "FAIL",
          "message": "assert_own_property: window does not have own property \"DeviceProximityEvent\" expected property \"DeviceProximityEvent\" missing"
        },
        {
          "name": "DeviceProximityEvent interface: attribute min",
          "status": "FAIL",
          "message": "assert_own_property: window does not have own property \"DeviceProximityEvent\" expected property \"DeviceProximityEvent\" missing"
        },
        {
          "name": "DeviceProximityEvent interface: attribute max",
          "status": "FAIL",
          "message": "assert_own_property: window does not have own property \"DeviceProximityEvent\" expected property \"DeviceProximityEvent\" missing"
        },
        {
          "name": "DeviceProximityEvent must be primary interface of new DeviceProximityEvent(\"foo\")",
          "status": "FAIL",
          "message": "assert_equals: Unexpected exception when evaluating object expected null but got object \"ReferenceError: DeviceProximityEvent is not defined\""
        },
        {
          "name": "Stringification of new DeviceProximityEvent(\"foo\")",
          "status": "FAIL",
          "message": "assert_equals: Unexpected exception when evaluating object expected null but got object \"ReferenceError: DeviceProximityEvent is not defined\""
        },
        {
          "name": "DeviceProximityEvent interface: new DeviceProximityEvent(\"foo\") must inherit property \"value\" with the proper type (0)",
          "status": "FAIL",
          "message": "assert_equals: Unexpected exception when evaluating object expected null but got object \"ReferenceError: DeviceProximityEvent is not defined\""
        },
        {
          "name": "DeviceProximityEvent interface: new DeviceProximityEvent(\"foo\") must inherit property \"min\" with the proper type (1)",
          "status": "FAIL",
          "message": "assert_equals: Unexpected exception when evaluating object expected null but got object \"ReferenceError: DeviceProximityEvent is not defined\""
        },
        {
          "name": "DeviceProximityEvent interface: new DeviceProximityEvent(\"foo\") must inherit property \"max\" with the proper type (2)",
          "status": "FAIL",
          "message": "assert_equals: Unexpected exception when evaluating object expected null but got object \"ReferenceError: DeviceProximityEvent is not defined\""
        },
        {
          "name": "UserProximityEvent interface: existence and properties of interface object",
          "status": "FAIL",
          "message": "assert_own_property: window does not have own property \"UserProximityEvent\" expected property \"UserProximityEvent\" missing"
        },
        {
          "name": "UserProximityEvent interface object length",
          "status": "FAIL",
          "message": "assert_own_property: window does not have own property \"UserProximityEvent\" expected property \"UserProximityEvent\" missing"
        },
        {
          "name": "UserProximityEvent interface: existence and properties of interface prototype object",
          "status": "FAIL",
          "message": "assert_own_property: window does not have own property \"UserProximityEvent\" expected property \"UserProximityEvent\" missing"
        },
        {
          "name": "UserProximityEvent interface: existence and properties of interface prototype object's \"constructor\" property",
          "status": "FAIL",
          "message": "assert_own_property: window does not have own property \"UserProximityEvent\" expected property \"UserProximityEvent\" missing"
        },
        {
          "name": "UserProximityEvent interface: attribute near",
          "status": "FAIL",
          "message": "assert_own_property: window does not have own property \"UserProximityEvent\" expected property \"UserProximityEvent\" missing"
        },
        {
          "name": "UserProximityEvent must be primary interface of new UserProximityEvent(\"foo\")",
          "status": "FAIL",
          "message": "assert_equals: Unexpected exception when evaluating object expected null but got object \"ReferenceError: UserProximityEvent is not defined\""
        },
        {
          "name": "Stringification of new UserProximityEvent(\"foo\")",
          "status": "FAIL",
          "message": "assert_equals: Unexpected exception when evaluating object expected null but got object \"ReferenceError: UserProximityEvent is not defined\""
        },
        {
          "name": "UserProximityEvent interface: new UserProximityEvent(\"foo\") must inherit property \"near\" with the proper type (0)",
          "status": "FAIL",
          "message": "assert_equals: Unexpected exception when evaluating object expected null but got object \"ReferenceError: UserProximityEvent is not defined\""
        }
      ],
      "status": "ERROR",
      "message": "Uncaught ReferenceError: getExtractedNovelData is not defined"
    }
  ]
}